[2025-03-03 10:17:17] This is codeql database create --language=cpp -s . -j 8 -v /Users/hohn/local/codeql-dataflow-sql-injection/cpp-sqli-03c38d3 --command=./build.sh
[2025-03-03 10:17:17] Log file was started late.
[2025-03-03 10:17:17] [PROGRESS] database create> Initializing database at /Users/hohn/local/codeql-dataflow-sql-injection/cpp-sqli-03c38d3.
[2025-03-03 10:17:17] Running plumbing command: codeql database init --language=cpp --extractor-options-verbosity=1 --qlconfig-file=/Users/hohn/local/codeql-dataflow-sql-injection/qlconfig.yml --source-root=/Users/hohn/local/codeql-dataflow-sql-injection --allow-missing-source-root=false --allow-already-existing -- /Users/hohn/local/codeql-dataflow-sql-injection/cpp-sqli-03c38d3
[2025-03-03 10:17:17] Calling plumbing command: codeql resolve languages --extractor-options-verbosity=1 --format=betterjson
[2025-03-03 10:17:17] [DETAILS] resolve languages> Scanning for [codeql-extractor.yml] from /Users/hohn/.local/share/gh/extensions/gh-codeql/dist/release/v2.20.0/.codeqlmanifest.json
[2025-03-03 10:17:17] [DETAILS] resolve languages> Parsing /Users/hohn/.local/share/gh/extensions/gh-codeql/dist/release/v2.20.0/go/codeql-extractor.yml.
[2025-03-03 10:17:17] [DETAILS] resolve languages> Parsing /Users/hohn/.local/share/gh/extensions/gh-codeql/dist/release/v2.20.0/python/codeql-extractor.yml.
[2025-03-03 10:17:17] [DETAILS] resolve languages> Parsing /Users/hohn/.local/share/gh/extensions/gh-codeql/dist/release/v2.20.0/java/codeql-extractor.yml.
[2025-03-03 10:17:17] [DETAILS] resolve languages> Parsing /Users/hohn/.local/share/gh/extensions/gh-codeql/dist/release/v2.20.0/html/codeql-extractor.yml.
[2025-03-03 10:17:17] [DETAILS] resolve languages> Parsing /Users/hohn/.local/share/gh/extensions/gh-codeql/dist/release/v2.20.0/xml/codeql-extractor.yml.
[2025-03-03 10:17:17] [DETAILS] resolve languages> Parsing /Users/hohn/.local/share/gh/extensions/gh-codeql/dist/release/v2.20.0/properties/codeql-extractor.yml.
[2025-03-03 10:17:17] [DETAILS] resolve languages> Parsing /Users/hohn/.local/share/gh/extensions/gh-codeql/dist/release/v2.20.0/cpp/codeql-extractor.yml.
[2025-03-03 10:17:17] [DETAILS] resolve languages> Parsing /Users/hohn/.local/share/gh/extensions/gh-codeql/dist/release/v2.20.0/swift/codeql-extractor.yml.
[2025-03-03 10:17:17] [DETAILS] resolve languages> Parsing /Users/hohn/.local/share/gh/extensions/gh-codeql/dist/release/v2.20.0/csv/codeql-extractor.yml.
[2025-03-03 10:17:17] [DETAILS] resolve languages> Parsing /Users/hohn/.local/share/gh/extensions/gh-codeql/dist/release/v2.20.0/yaml/codeql-extractor.yml.
[2025-03-03 10:17:17] [DETAILS] resolve languages> Parsing /Users/hohn/.local/share/gh/extensions/gh-codeql/dist/release/v2.20.0/csharp/codeql-extractor.yml.
[2025-03-03 10:17:17] [DETAILS] resolve languages> Parsing /Users/hohn/.local/share/gh/extensions/gh-codeql/dist/release/v2.20.0/javascript/codeql-extractor.yml.
[2025-03-03 10:17:17] [DETAILS] resolve languages> Parsing /Users/hohn/.local/share/gh/extensions/gh-codeql/dist/release/v2.20.0/ruby/codeql-extractor.yml.
[2025-03-03 10:17:17] Plumbing command codeql resolve languages completed:
                      {
                        "aliases" : {
                          "c" : "cpp",
                          "c++" : "cpp",
                          "c-c++" : "cpp",
                          "c-cpp" : "cpp",
                          "c#" : "csharp",
                          "java-kotlin" : "java",
                          "kotlin" : "java",
                          "javascript-typescript" : "javascript",
                          "typescript" : "javascript"
                        },
                        "extractors" : {
                          "go" : [
                            {
                              "extractor_root" : "/Users/hohn/.local/share/gh/extensions/gh-codeql/dist/release/v2.20.0/go",
                              "extractor_options" : {
                                "extract_tests" : {
                                  "title" : "Whether to include Go test files in the CodeQL database.",
                                  "description" : "A value indicating whether Go test files should be included in the CodeQL database. The default is 'false'.\n",
                                  "type" : "string",
                                  "pattern" : "^(false|true)$"
                                },
                                "extract_vendor_dirs" : {
                                  "title" : "Whether to include Go vendor directories in the CodeQL database.",
                                  "description" : "A value indicating whether Go vendor directories should be included in the CodeQL database. The default is 'false'.\n",
                                  "type" : "string",
                                  "pattern" : "^(false|true)$"
                                }
                              }
                            }
                          ],
                          "python" : [
                            {
                              "extractor_root" : "/Users/hohn/.local/share/gh/extensions/gh-codeql/dist/release/v2.20.0/python",
                              "extractor_options" : {
                                "logging" : {
                                  "title" : "Options pertaining to logging.",
                                  "description" : "Options pertaining to logging.",
                                  "type" : "object",
                                  "properties" : {
                                    "verbosity" : {
                                      "title" : "Python extractor logging verbosity level.",
                                      "description" : "Controls the level of verbosity of the CodeQL Python extractor.\nThe supported levels are (in order of increasing verbosity):\n\n  - off\n  - errors\n  - warnings\n  - info or progress\n  - debug or progress+\n  - trace or progress++\n  - progress+++\n",
                                      "type" : "string",
                                      "pattern" : "^(off|errors|warnings|(info|progress)|(debug|progress\\+)|(trace|progress\\+\\+)|progress\\+\\+\\+)$"
                                    }
                                  }
                                },
                                "python_executable_name" : {
                                  "title" : "Controls the name of the Python executable used by the Python extractor.",
                                  "description" : "The Python extractor uses platform-dependent heuristics to determine the name of the Python executable to use. Specifying a value for this option overrides the name of the Python executable used by the extractor. Accepted values are py, python and python3. Use this setting with caution, the Python extractor requires Python 3 to run.\n",
                                  "type" : "string",
                                  "pattern" : "^(py|python|python3)$"
                                }
                              }
                            }
                          ],
                          "java" : [
                            {
                              "extractor_root" : "/Users/hohn/.local/share/gh/extensions/gh-codeql/dist/release/v2.20.0/java",
                              "extractor_options" : {
                                "exclude" : {
                                  "title" : "A glob excluding files from analysis.",
                                  "description" : "A glob indicating what files to exclude from the analysis.\n",
                                  "type" : "string"
                                },
                                "add_prefer_source" : {
                                  "title" : "Whether to always prefer source files over class files.",
                                  "description" : "A value indicating whether source files should be preferred over class files. If set to 'true', the extraction adds '-Xprefer:source' to the javac command line. If set to 'false', the extraction uses the default javac behavior ('-Xprefer:newer'). The default is 'true'.\n",
                                  "type" : "string",
                                  "pattern" : "^(false|true)$"
                                },
                                "buildless" : {
                                  "title" : "Whether to use buildless (standalone) extraction (experimental).",
                                  "description" : "A value indicating, which type of extraction the autobuilder should perform. If 'true', then the standalone extractor will be used, otherwise tracing extraction will be performed. The default is 'false'. Note that buildless extraction will generally yield less accurate analysis results, and should only be used in cases where it is not possible to build the code (for example if it uses inaccessible dependencies).\n",
                                  "type" : "string",
                                  "pattern" : "^(false|true)$"
                                }
                              }
                            }
                          ],
                          "html" : [
                            {
                              "extractor_root" : "/Users/hohn/.local/share/gh/extensions/gh-codeql/dist/release/v2.20.0/html"
                            }
                          ],
                          "xml" : [
                            {
                              "extractor_root" : "/Users/hohn/.local/share/gh/extensions/gh-codeql/dist/release/v2.20.0/xml"
                            }
                          ],
                          "properties" : [
                            {
                              "extractor_root" : "/Users/hohn/.local/share/gh/extensions/gh-codeql/dist/release/v2.20.0/properties"
                            }
                          ],
                          "cpp" : [
                            {
                              "extractor_root" : "/Users/hohn/.local/share/gh/extensions/gh-codeql/dist/release/v2.20.0/cpp",
                              "extractor_options" : {
                                "scale_timeouts" : {
                                  "title" : "Value to scale compiler introspection timeouts with",
                                  "description" : "The extractor attempts to determine what compiler the source code being extracted is compiled with. To this end the extractor makes additional calls to the compiler, some of which are expected to return within a certain fixed time (either 10s or 15s). On some systems that are under high load this time might be too short, and can be scaled up using this option.\n",
                                  "type" : "string",
                                  "pattern" : "[0-9]+"
                                },
                                "log_verbosity" : {
                                  "title" : "Verbosity of the extractor logging",
                                  "description" : "Set the verbosity of the extractor logging to 'quiet' (0), 'normal' (1), 'chatty' (2), or 'noisy' (3). The default is 'normal'.\n",
                                  "type" : "string",
                                  "pattern" : "[0-3]"
                                }
                              }
                            }
                          ],
                          "swift" : [
                            {
                              "extractor_root" : "/Users/hohn/.local/share/gh/extensions/gh-codeql/dist/release/v2.20.0/swift"
                            }
                          ],
                          "csv" : [
                            {
                              "extractor_root" : "/Users/hohn/.local/share/gh/extensions/gh-codeql/dist/release/v2.20.0/csv"
                            }
                          ],
                          "yaml" : [
                            {
                              "extractor_root" : "/Users/hohn/.local/share/gh/extensions/gh-codeql/dist/release/v2.20.0/yaml"
                            }
                          ],
                          "csharp" : [
                            {
                              "extractor_root" : "/Users/hohn/.local/share/gh/extensions/gh-codeql/dist/release/v2.20.0/csharp",
                              "extractor_options" : {
                                "trap" : {
                                  "title" : "Options pertaining to TRAP.",
                                  "description" : "Options pertaining to TRAP.",
                                  "type" : "object",
                                  "properties" : {
                                    "compression" : {
                                      "title" : "Controls compression for the TRAP files written by the extractor.",
                                      "description" : "This option is only intended for use in debugging the extractor. Accepted values are 'brotli' (the default, to write brotli-compressed TRAP), 'gzip', and 'none' (to write uncompressed TRAP).\n",
                                      "type" : "string",
                                      "pattern" : "^(none|gzip|brotli)$"
                                    }
                                  }
                                },
                                "buildless" : {
                                  "title" : "DEPRECATED - Whether to use buildless (standalone) extraction.",
                                  "description" : "DEPRECATED: Use `--build-mode none` instead.\nA value indicating, which type of extraction the autobuilder should perform. If 'true', then the standalone extractor will be used, otherwise tracing extraction will be performed. The default is 'false'. Note that buildless extraction will generally yield less accurate analysis results, and should only be used in cases where it is not possible to build the code (for example if it uses inaccessible dependencies).\n",
                                  "type" : "string",
                                  "pattern" : "^(false|true)$"
                                },
                                "logging" : {
                                  "title" : "Options pertaining to logging.",
                                  "description" : "Options pertaining to logging.",
                                  "type" : "object",
                                  "properties" : {
                                    "verbosity" : {
                                      "title" : "Extractor logging verbosity level.",
                                      "description" : "Controls the level of verbosity of the extractor. The supported levels are (in order of increasing verbosity):\n  - off\n  - errors\n  - warnings\n  - info or progress\n  - debug or progress+\n  - trace or progress++\n  - progress+++\n",
                                      "type" : "string",
                                      "pattern" : "^(off|errors|warnings|(info|progress)|(debug|progress\\+)|(trace|progress\\+\\+)|progress\\+\\+\\+)$"
                                    }
                                  }
                                },
                                "binlog" : {
                                  "title" : "Binlog",
                                  "description" : "[EXPERIMENTAL] The value is a path to the MsBuild binary log file that should be extracted. This option only works when `--build-mode none` is also specified.\n",
                                  "type" : "array"
                                }
                              }
                            }
                          ],
                          "javascript" : [
                            {
                              "extractor_root" : "/Users/hohn/.local/share/gh/extensions/gh-codeql/dist/release/v2.20.0/javascript",
                              "extractor_options" : {
                                "skip_types" : {
                                  "title" : "Skip type extraction for TypeScript",
                                  "description" : "Whether to skip the extraction of types in a TypeScript application",
                                  "type" : "string",
                                  "pattern" : "^(false|true)$"
                                }
                              }
                            }
                          ],
                          "ruby" : [
                            {
                              "extractor_root" : "/Users/hohn/.local/share/gh/extensions/gh-codeql/dist/release/v2.20.0/ruby",
                              "extractor_options" : {
                                "trap" : {
                                  "title" : "Options pertaining to TRAP.",
                                  "description" : "Options pertaining to TRAP.",
                                  "type" : "object",
                                  "properties" : {
                                    "compression" : {
                                      "title" : "Controls compression for the TRAP files written by the extractor.",
                                      "description" : "This option is only intended for use in debugging the extractor. Accepted values are 'gzip' (the default, to write gzip-compressed TRAP) and 'none' (to write uncompressed TRAP).\n",
                                      "type" : "string",
                                      "pattern" : "^(none|gzip)$"
                                    }
                                  }
                                }
                              }
                            }
                          ]
                        }
                      }
[2025-03-03 10:17:17] [PROGRESS] database init> Calculating baseline information in /Users/hohn/local/codeql-dataflow-sql-injection
[2025-03-03 10:17:17] [SPAMMY] database init> Ignoring the following directories when processing baseline information: .git, .hg, .svn.
[2025-03-03 10:17:17] [DETAILS] database init> Running command in /Users/hohn/local/codeql-dataflow-sql-injection: /Users/hohn/.local/share/gh/extensions/gh-codeql/dist/release/v2.20.0/tools/osx64/scc --by-file --exclude-dir .git,.hg,.svn --format json --no-large --no-min .
[2025-03-03 10:17:17] [SPAMMY] database init> Found 119 baseline files for cpp.
[2025-03-03 10:17:17] [PROGRESS] database init> Calculated baseline information for languages: cpp (50ms).
[2025-03-03 10:17:17] [PROGRESS] database init> Resolving extractor cpp.
[2025-03-03 10:17:17] [DETAILS] database init> Found candidate extractor root for cpp: /Users/hohn/.local/share/gh/extensions/gh-codeql/dist/release/v2.20.0/cpp.
[2025-03-03 10:17:17] [PROGRESS] database init> Successfully loaded extractor C/C++ (cpp) from /Users/hohn/.local/share/gh/extensions/gh-codeql/dist/release/v2.20.0/cpp.
[2025-03-03 10:17:17] [SPAMMY] database init> Determining macOS System Integrity Protection status...
[2025-03-03 10:17:17] [SPAMMY] database init> Running command [/usr/bin/csrutil, status].
[2025-03-03 10:17:17] [SPAMMY] database init> SIP is enabled.
[2025-03-03 10:17:17] [PROGRESS] database init> Created skeleton CodeQL database at /Users/hohn/local/codeql-dataflow-sql-injection/cpp-sqli-03c38d3. This in-progress database is ready to be populated by an extractor.
[2025-03-03 10:17:17] Plumbing command codeql database init completed.
[2025-03-03 10:17:17] [PROGRESS] database create> Running build command: [./build.sh]
[2025-03-03 10:17:17] Running plumbing command: codeql database trace-command --threads=8 --working-dir=/Users/hohn/local/codeql-dataflow-sql-injection --index-traceless-dbs --no-db-cluster -- /Users/hohn/local/codeql-dataflow-sql-injection/cpp-sqli-03c38d3 ./build.sh
[2025-03-03 10:17:17] [PROGRESS] database trace-command> Running command in /Users/hohn/local/codeql-dataflow-sql-injection: [./build.sh]
[2025-03-03 10:17:35] Plumbing command codeql database trace-command completed.
[2025-03-03 10:17:35] [PROGRESS] database create> Finalizing database at /Users/hohn/local/codeql-dataflow-sql-injection/cpp-sqli-03c38d3.
[2025-03-03 10:17:35] Running plumbing command: codeql database finalize --threads=8 --no-db-cluster -- /Users/hohn/local/codeql-dataflow-sql-injection/cpp-sqli-03c38d3
[2025-03-03 10:17:35] Using pre-finalize script /Users/hohn/.local/share/gh/extensions/gh-codeql/dist/release/v2.20.0/cpp/tools/pre-finalize.sh.
[2025-03-03 10:17:35] [PROGRESS] database finalize> Running pre-finalize script /Users/hohn/.local/share/gh/extensions/gh-codeql/dist/release/v2.20.0/cpp/tools/pre-finalize.sh in /Users/hohn/local/codeql-dataflow-sql-injection.
[2025-03-03 10:17:35] Running plumbing command: codeql database trace-command --working-dir=/Users/hohn/local/codeql-dataflow-sql-injection --no-tracing --threads=8 -- /Users/hohn/local/codeql-dataflow-sql-injection/cpp-sqli-03c38d3 /Users/hohn/.local/share/gh/extensions/gh-codeql/dist/release/v2.20.0/cpp/tools/pre-finalize.sh
[2025-03-03 10:17:35] [PROGRESS] database trace-command> Running command in /Users/hohn/local/codeql-dataflow-sql-injection: [/Users/hohn/.local/share/gh/extensions/gh-codeql/dist/release/v2.20.0/cpp/tools/pre-finalize.sh]
[2025-03-03 10:17:36] Plumbing command codeql database trace-command completed.
[2025-03-03 10:17:36] [PROGRESS] database finalize> Running TRAP import for CodeQL database at /Users/hohn/local/codeql-dataflow-sql-injection/cpp-sqli-03c38d3...
[2025-03-03 10:17:36] Running plumbing command: codeql dataset import --dbscheme=/Users/hohn/.local/share/gh/extensions/gh-codeql/dist/release/v2.20.0/cpp/semmlecode.cpp.dbscheme --threads=8 -- /Users/hohn/local/codeql-dataflow-sql-injection/cpp-sqli-03c38d3/db-cpp /Users/hohn/local/codeql-dataflow-sql-injection/cpp-sqli-03c38d3/trap/cpp
[2025-03-03 10:17:36] Clearing disk cache since the version file /Users/hohn/local/codeql-dataflow-sql-injection/cpp-sqli-03c38d3/db-cpp/default/cache/version does not exist
[2025-03-03 10:17:36] Tuple pool not found. Clearing relations with cached strings
[2025-03-03 10:17:36] Trimming disk cache at /Users/hohn/local/codeql-dataflow-sql-injection/cpp-sqli-03c38d3/db-cpp/default/cache in mode clear.
[2025-03-03 10:17:36] Sequence stamp origin is -6076236880413688699
[2025-03-03 10:17:36] Pausing evaluation to hard-clear memory at sequence stamp o+0
[2025-03-03 10:17:36] Unpausing evaluation
[2025-03-03 10:17:36] Pausing evaluation to quickly trim disk at sequence stamp o+1
[2025-03-03 10:17:36] Unpausing evaluation
[2025-03-03 10:17:36] Pausing evaluation to zealously trim disk at sequence stamp o+2
[2025-03-03 10:17:36] Unpausing evaluation
[2025-03-03 10:17:36] Trimming completed (3ms): Purged everything.
[2025-03-03 10:17:36] Scanning for files in /Users/hohn/local/codeql-dataflow-sql-injection/cpp-sqli-03c38d3/trap/cpp
[2025-03-03 10:17:36] Found 4 files on disk containing 125 TRAP files (1.08 MiB)
[2025-03-03 10:17:36] [PROGRESS] dataset import> Grouping TRAP files by link target
[2025-03-03 10:17:36] [PROGRESS] dataset import> Grouping unlinked TRAP files together
[2025-03-03 10:17:36] [PROGRESS] dataset import> Scanning TRAP files
[2025-03-03 10:17:36] Scanning sourceLocationPrefix.trap.gz (3 of 125)
[2025-03-03 10:17:36] Scanning 10480068_0.trap.zst (1 of 125)
[2025-03-03 10:17:36] Scanning add-user.trap.zst (2 of 125)
[2025-03-03 10:17:36] Scanning cpp_predefined.acb19af8.trap (add-user.c.60606ee1_0.trap.tar.zst) (4 of 125)
[2025-03-03 10:17:36] Scanning _symbol_aliasing.h.03501c36.trap (add-user.c.60606ee1_0.trap.tar.zst) (5 of 125)
[2025-03-03 10:17:36] Scanning _posix_availability.h.ffcae0ef.trap (add-user.c.60606ee1_0.trap.tar.zst) (6 of 125)
[2025-03-03 10:17:36] Scanning cdefs.h.c28b8b78.trap (add-user.c.60606ee1_0.trap.tar.zst) (7 of 125)
[2025-03-03 10:17:36] Scanning AvailabilityVersions.h.630809d4.trap (add-user.c.60606ee1_0.trap.tar.zst) (8 of 125)
[2025-03-03 10:17:36] Scanning AvailabilityInternal.h.2f7fe80f.trap (add-user.c.60606ee1_0.trap.tar.zst) (9 of 125)
[2025-03-03 10:17:36] Scanning AvailabilityInternalLegacy.h.3b3a52dd.trap (add-user.c.60606ee1_0.trap.tar.zst) (10 of 125)
[2025-03-03 10:17:36] Scanning Availability.h.1f66082e.trap (add-user.c.60606ee1_0.trap.tar.zst) (11 of 125)
[2025-03-03 10:17:36] Scanning _types.h.8648aeb5.trap (add-user.c.60606ee1_0.trap.tar.zst) (12 of 125)
[2025-03-03 10:17:36] Scanning _types.h.c0db0ca0.trap (add-user.c.60606ee1_0.trap.tar.zst) (13 of 125)
[2025-03-03 10:17:36] Scanning _pthread_types.h.f01eb1a2.trap (add-user.c.60606ee1_0.trap.tar.zst) (14 of 125)
[2025-03-03 10:17:36] Scanning _types.h.334b750f.trap (add-user.c.60606ee1_0.trap.tar.zst) (15 of 125)
[2025-03-03 10:17:36] Scanning _types.h.afae0e45.trap (add-user.c.60606ee1_0.trap.tar.zst) (16 of 125)
[2025-03-03 10:17:36] Scanning _int8_t.h.f29290cb.trap (add-user.c.60606ee1_0.trap.tar.zst) (17 of 125)
[2025-03-03 10:17:36] Scanning _int16_t.h.0efc7dab.trap (add-user.c.60606ee1_0.trap.tar.zst) (18 of 125)
[2025-03-03 10:17:36] Scanning _int32_t.h.6962392d.trap (add-user.c.60606ee1_0.trap.tar.zst) (19 of 125)
[2025-03-03 10:17:36] Scanning _int64_t.h.536f90e3.trap (add-user.c.60606ee1_0.trap.tar.zst) (20 of 125)
[2025-03-03 10:17:36] Scanning _u_int8_t.h.552cf7b4.trap (add-user.c.60606ee1_0.trap.tar.zst) (21 of 125)
[2025-03-03 10:17:36] Scanning _u_int16_t.h.253a9b79.trap (add-user.c.60606ee1_0.trap.tar.zst) (22 of 125)
[2025-03-03 10:17:36] Scanning _u_int32_t.h.3c64ebfb.trap (add-user.c.60606ee1_0.trap.tar.zst) (23 of 125)
[2025-03-03 10:17:36] Scanning _u_int64_t.h.cbd81c97.trap (add-user.c.60606ee1_0.trap.tar.zst) (24 of 125)
[2025-03-03 10:17:36] Scanning _intptr_t.h.084ef71f.trap (add-user.c.60606ee1_0.trap.tar.zst) (25 of 125)
[2025-03-03 10:17:36] Scanning _uintptr_t.h.645528a4.trap (add-user.c.60606ee1_0.trap.tar.zst) (26 of 125)
[2025-03-03 10:17:36] Scanning types.h.30d77e47.trap (add-user.c.60606ee1_0.trap.tar.zst) (27 of 125)
[2025-03-03 10:17:36] Scanning types.h.aff8b8e3.trap (add-user.c.60606ee1_0.trap.tar.zst) (28 of 125)
[2025-03-03 10:17:36] Scanning _va_list.h.a2d381a2.trap (add-user.c.60606ee1_0.trap.tar.zst) (29 of 125)
[2025-03-03 10:17:36] Scanning _size_t.h.7dca9526.trap (add-user.c.60606ee1_0.trap.tar.zst) (30 of 125)
[2025-03-03 10:17:36] Scanning _null.h.fac322fe.trap (add-user.c.60606ee1_0.trap.tar.zst) (31 of 125)
[2025-03-03 10:17:36] Scanning stdio.h.4ca04277.trap (add-user.c.60606ee1_0.trap.tar.zst) (32 of 125)
[2025-03-03 10:17:36] Scanning _printf.h.eeb573b3.trap (add-user.c.60606ee1_0.trap.tar.zst) (33 of 125)
[2025-03-03 10:17:36] Scanning _seek_set.h.3af5c228.trap (add-user.c.60606ee1_0.trap.tar.zst) (34 of 125)
[2025-03-03 10:17:36] Scanning _ctermid.h.709c03b7.trap (add-user.c.60606ee1_0.trap.tar.zst) (35 of 125)
[2025-03-03 10:17:36] Scanning _off_t.h.5d57ac30.trap (add-user.c.60606ee1_0.trap.tar.zst) (36 of 125)
[2025-03-03 10:17:36] Scanning _ssize_t.h.b2b8b5c7.trap (add-user.c.60606ee1_0.trap.tar.zst) (37 of 125)
[2025-03-03 10:17:36] Scanning _common.h.75aff781.trap (add-user.c.60606ee1_0.trap.tar.zst) (38 of 125)
[2025-03-03 10:17:36] Scanning _stdio.h.b54e857d.trap (add-user.c.60606ee1_0.trap.tar.zst) (39 of 125)
[2025-03-03 10:17:36] Scanning _stdio.h.3b1884bb.trap (add-user.c.60606ee1_0.trap.tar.zst) (40 of 125)
[2025-03-03 10:17:36] Scanning stdio.h.e1ff7027.trap (add-user.c.60606ee1_0.trap.tar.zst) (41 of 125)
[2025-03-03 10:17:36] Scanning _pid_t.h.6a3a6049.trap (add-user.c.60606ee1_0.trap.tar.zst) (42 of 125)
[2025-03-03 10:17:36] Scanning _id_t.h.0e72c00a.trap (add-user.c.60606ee1_0.trap.tar.zst) (43 of 125)
[2025-03-03 10:17:36] Scanning appleapiopts.h.dc9b13cc.trap (add-user.c.60606ee1_0.trap.tar.zst) (44 of 125)
[2025-03-03 10:17:36] Scanning signal.h.4c43299e.trap (add-user.c.60606ee1_0.trap.tar.zst) (45 of 125)
[2025-03-03 10:17:36] Scanning signal.h.508efcc4.trap (add-user.c.60606ee1_0.trap.tar.zst) (46 of 125)
[2025-03-03 10:17:36] Scanning _structs.h.8ff5e6f8.trap (add-user.c.60606ee1_0.trap.tar.zst) (47 of 125)
[2025-03-03 10:17:36] Scanning _structs.h.882e747d.trap (add-user.c.60606ee1_0.trap.tar.zst) (48 of 125)
[2025-03-03 10:17:36] Scanning _mcontext.h.3cb29849.trap (add-user.c.60606ee1_0.trap.tar.zst) (49 of 125)
[2025-03-03 10:17:36] Scanning _mcontext.h.2841d5e4.trap (add-user.c.60606ee1_0.trap.tar.zst) (50 of 125)
[2025-03-03 10:17:36] Scanning _pthread_attr_t.h.47302446.trap (add-user.c.60606ee1_0.trap.tar.zst) (51 of 125)
[2025-03-03 10:17:36] Scanning _sigaltstack.h.fb11c76f.trap (add-user.c.60606ee1_0.trap.tar.zst) (52 of 125)
[2025-03-03 10:17:36] Scanning _ucontext.h.8b000abd.trap (add-user.c.60606ee1_0.trap.tar.zst) (53 of 125)
[2025-03-03 10:17:36] Scanning _sigset_t.h.eacb6a8b.trap (add-user.c.60606ee1_0.trap.tar.zst) (54 of 125)
[2025-03-03 10:17:36] Scanning _size_t.h.097b7f74.trap (add-user.c.60606ee1_0.trap.tar.zst) (55 of 125)
[2025-03-03 10:17:36] Scanning _uid_t.h.cfda2aba.trap (add-user.c.60606ee1_0.trap.tar.zst) (56 of 125)
[2025-03-03 10:17:36] Scanning signal.h.fff31109.trap (add-user.c.60606ee1_0.trap.tar.zst) (57 of 125)
[2025-03-03 10:17:36] Scanning _uint8_t.h.b56d0bf4.trap (add-user.c.60606ee1_0.trap.tar.zst) (58 of 125)
[2025-03-03 10:17:36] Scanning _uint16_t.h.95cc6274.trap (add-user.c.60606ee1_0.trap.tar.zst) (59 of 125)
[2025-03-03 10:17:36] Scanning _uint32_t.h.dc2517bb.trap (add-user.c.60606ee1_0.trap.tar.zst) (60 of 125)
[2025-03-03 10:17:36] Scanning _uint64_t.h.c60cbcd5.trap (add-user.c.60606ee1_0.trap.tar.zst) (61 of 125)
[2025-03-03 10:17:36] Scanning _intmax_t.h.6c1a2871.trap (add-user.c.60606ee1_0.trap.tar.zst) (62 of 125)
[2025-03-03 10:17:36] Scanning _uintmax_t.h.e72b0804.trap (add-user.c.60606ee1_0.trap.tar.zst) (63 of 125)
[2025-03-03 10:17:36] Scanning stdint.h.e23cce12.trap (add-user.c.60606ee1_0.trap.tar.zst) (64 of 125)
[2025-03-03 10:17:36] Scanning stdint.h.188490be.trap (add-user.c.60606ee1_0.trap.tar.zst) (65 of 125)
[2025-03-03 10:17:36] Scanning _timeval.h.8ed5b43e.trap (add-user.c.60606ee1_0.trap.tar.zst) (66 of 125)
[2025-03-03 10:17:36] Scanning resource.h.8cffbfdc.trap (add-user.c.60606ee1_0.trap.tar.zst) (67 of 125)
[2025-03-03 10:17:36] Scanning __endian.h.957c713d.trap (add-user.c.60606ee1_0.trap.tar.zst) (68 of 125)
[2025-03-03 10:17:36] Scanning _endian.h.87dc7cfd.trap (add-user.c.60606ee1_0.trap.tar.zst) (69 of 125)
[2025-03-03 10:17:36] Scanning _endian.h.fbe534f3.trap (add-user.c.60606ee1_0.trap.tar.zst) (70 of 125)
[2025-03-03 10:17:36] Scanning _OSByteOrder.h.abdc0245.trap (add-user.c.60606ee1_0.trap.tar.zst) (71 of 125)
[2025-03-03 10:17:36] Scanning _OSByteOrder.h.6c99cd81.trap (add-user.c.60606ee1_0.trap.tar.zst) (72 of 125)
[2025-03-03 10:17:36] Scanning _endian.h.88a97a28.trap (add-user.c.60606ee1_0.trap.tar.zst) (73 of 125)
[2025-03-03 10:17:36] Scanning endian.h.194ffb87.trap (add-user.c.60606ee1_0.trap.tar.zst) (74 of 125)
[2025-03-03 10:17:36] Scanning endian.h.a419ac90.trap (add-user.c.60606ee1_0.trap.tar.zst) (75 of 125)
[2025-03-03 10:17:36] Scanning wait.h.23c3e1e7.trap (add-user.c.60606ee1_0.trap.tar.zst) (76 of 125)
[2025-03-03 10:17:36] Scanning alloca.h.38aa78ed.trap (add-user.c.60606ee1_0.trap.tar.zst) (77 of 125)
[2025-03-03 10:17:36] Scanning _ct_rune_t.h.d4a9d117.trap (add-user.c.60606ee1_0.trap.tar.zst) (78 of 125)
[2025-03-03 10:17:36] Scanning _rune_t.h.33d8e00c.trap (add-user.c.60606ee1_0.trap.tar.zst) (79 of 125)
[2025-03-03 10:17:36] Scanning _wchar_t.h.10d75770.trap (add-user.c.60606ee1_0.trap.tar.zst) (80 of 125)
[2025-03-03 10:17:36] Scanning _null.h.763c0539.trap (add-user.c.60606ee1_0.trap.tar.zst) (81 of 125)
[2025-03-03 10:17:36] Scanning _ptrcheck.h.c3a91754.trap (add-user.c.60606ee1_0.trap.tar.zst) (82 of 125)
[2025-03-03 10:17:36] Scanning _malloc_type.h.f4a08e80.trap (add-user.c.60606ee1_0.trap.tar.zst) (83 of 125)
[2025-03-03 10:17:36] Scanning _malloc.h.45d4fc49.trap (add-user.c.60606ee1_0.trap.tar.zst) (84 of 125)
[2025-03-03 10:17:36] Scanning _abort.h.10b51e7c.trap (add-user.c.60606ee1_0.trap.tar.zst) (85 of 125)
[2025-03-03 10:17:36] Scanning _dev_t.h.91a2e6a4.trap (add-user.c.60606ee1_0.trap.tar.zst) (86 of 125)
[2025-03-03 10:17:36] Scanning _mode_t.h.0d676e3d.trap (add-user.c.60606ee1_0.trap.tar.zst) (87 of 125)
[2025-03-03 10:17:36] Scanning _stdlib.h.2b6167e9.trap (add-user.c.60606ee1_0.trap.tar.zst) (88 of 125)
[2025-03-03 10:17:36] Scanning stdlib.h.8c6deea4.trap (add-user.c.60606ee1_0.trap.tar.zst) (89 of 125)
[2025-03-03 10:17:36] Scanning _posix_vdisable.h.bfeb891a.trap (add-user.c.60606ee1_0.trap.tar.zst) (90 of 125)
[2025-03-03 10:17:36] Scanning _gid_t.h.e5a55687.trap (add-user.c.60606ee1_0.trap.tar.zst) (91 of 125)
[2025-03-03 10:17:36] Scanning unistd.h.c3588eb3.trap (add-user.c.60606ee1_0.trap.tar.zst) (92 of 125)
[2025-03-03 10:17:36] Scanning _useconds_t.h.81277de3.trap (add-user.c.60606ee1_0.trap.tar.zst) (93 of 125)
[2025-03-03 10:17:36] Scanning _fd_def.h.ee6d7168.trap (add-user.c.60606ee1_0.trap.tar.zst) (94 of 125)
[2025-03-03 10:17:36] Scanning _timespec.h.bf739272.trap (add-user.c.60606ee1_0.trap.tar.zst) (95 of 125)
[2025-03-03 10:17:36] Scanning _time_t.h.9cd704bb.trap (add-user.c.60606ee1_0.trap.tar.zst) (96 of 125)
[2025-03-03 10:17:36] Scanning _suseconds_t.h.2a3680e0.trap (add-user.c.60606ee1_0.trap.tar.zst) (97 of 125)
[2025-03-03 10:17:36] Scanning _fd_setsize.h.0ba77704.trap (add-user.c.60606ee1_0.trap.tar.zst) (98 of 125)
[2025-03-03 10:17:36] Scanning _fd_set.h.0ba77704.trap (add-user.c.60606ee1_0.trap.tar.zst) (99 of 125)
[2025-03-03 10:17:36] Scanning _fd_clr.h.0ba77704.trap (add-user.c.60606ee1_0.trap.tar.zst) (100 of 125)
[2025-03-03 10:17:36] Scanning _fd_isset.h.0ba77704.trap (add-user.c.60606ee1_0.trap.tar.zst) (101 of 125)
[2025-03-03 10:17:36] Scanning _fd_zero.h.0ba77704.trap (add-user.c.60606ee1_0.trap.tar.zst) (102 of 125)
[2025-03-03 10:17:36] Scanning _fd_copy.h.0ba77704.trap (add-user.c.60606ee1_0.trap.tar.zst) (103 of 125)
[2025-03-03 10:17:36] Scanning _select.h.3e088a7d.trap (add-user.c.60606ee1_0.trap.tar.zst) (104 of 125)
[2025-03-03 10:17:36] Scanning select.h.12225a30.trap (add-user.c.60606ee1_0.trap.tar.zst) (105 of 125)
[2025-03-03 10:17:36] Scanning _uuid_t.h.d102d4c8.trap (add-user.c.60606ee1_0.trap.tar.zst) (106 of 125)
[2025-03-03 10:17:36] Scanning gethostuuid.h.40472f03.trap (add-user.c.60606ee1_0.trap.tar.zst) (107 of 125)
[2025-03-03 10:17:36] Scanning unistd.h.4f959c67.trap (add-user.c.60606ee1_0.trap.tar.zst) (108 of 125)
[2025-03-03 10:17:36] Scanning _wchar_t.h.70e0d691.trap (add-user.c.60606ee1_0.trap.tar.zst) (109 of 125)
[2025-03-03 10:17:36] Scanning _wint_t.h.545b4fc3.trap (add-user.c.60606ee1_0.trap.tar.zst) (110 of 125)
[2025-03-03 10:17:36] Scanning runetype.h.58bfe9eb.trap (add-user.c.60606ee1_0.trap.tar.zst) (111 of 125)
[2025-03-03 10:17:36] Scanning _ctype.h.6e981081.trap (add-user.c.60606ee1_0.trap.tar.zst) (112 of 125)
[2025-03-03 10:17:36] Scanning ctype.h.2e9870e5.trap (add-user.c.60606ee1_0.trap.tar.zst) (113 of 125)
[2025-03-03 10:17:36] Scanning __stdarg_header_macro.h.bfeb891a.trap (add-user.c.60606ee1_0.trap.tar.zst) (114 of 125)
[2025-03-03 10:17:36] Scanning __stdarg___gnuc_va_list.h.198cd35d.trap (add-user.c.60606ee1_0.trap.tar.zst) (115 of 125)
[2025-03-03 10:17:36] Scanning __stdarg_va_list.h.e2fa121d.trap (add-user.c.60606ee1_0.trap.tar.zst) (116 of 125)
[2025-03-03 10:17:36] Scanning __stdarg_va_arg.h.fd0eba9b.trap (add-user.c.60606ee1_0.trap.tar.zst) (117 of 125)
[2025-03-03 10:17:36] Scanning __stdarg___va_copy.h.bfeb891a.trap (add-user.c.60606ee1_0.trap.tar.zst) (118 of 125)
[2025-03-03 10:17:36] Scanning __stdarg_va_copy.h.bfeb891a.trap (add-user.c.60606ee1_0.trap.tar.zst) (119 of 125)
[2025-03-03 10:17:36] Scanning stdarg.h.d127bdfd.trap (add-user.c.60606ee1_0.trap.tar.zst) (120 of 125)
[2025-03-03 10:17:36] Scanning sqlite3.h.914eb288.trap (add-user.c.60606ee1_0.trap.tar.zst) (121 of 125)
[2025-03-03 10:17:36] Scanning _clock_t.h.79a09205.trap (add-user.c.60606ee1_0.trap.tar.zst) (122 of 125)
[2025-03-03 10:17:36] Scanning _time.h.115f5c6d.trap (add-user.c.60606ee1_0.trap.tar.zst) (123 of 125)
[2025-03-03 10:17:36] Scanning time.h.f63ebdcc.trap (add-user.c.60606ee1_0.trap.tar.zst) (124 of 125)
[2025-03-03 10:17:36] Scanning add-user.c.60606ee1.trap (add-user.c.60606ee1_0.trap.tar.zst) (125 of 125)
[2025-03-03 10:17:36] [PROGRESS] dataset import> Importing TRAP files
[2025-03-03 10:17:36] Importing add-user.trap.zst for add-user.link (3 of 125)
[2025-03-03 10:17:36] Importing 10480068_0.trap.zst for add-user.link (1 of 125)
[2025-03-03 10:17:36] Importing sourceLocationPrefix.trap.gz for no link target (2 of 125)
[2025-03-03 10:17:36] Importing cpp_predefined.acb19af8.trap (add-user.c.60606ee1_0.trap.tar.zst) for no link target (4 of 125)
[2025-03-03 10:17:36] Importing _symbol_aliasing.h.03501c36.trap (add-user.c.60606ee1_0.trap.tar.zst) for add-user.link (5 of 125)
[2025-03-03 10:17:36] Importing _posix_availability.h.ffcae0ef.trap (add-user.c.60606ee1_0.trap.tar.zst) for add-user.link (6 of 125)
[2025-03-03 10:17:36] Importing cdefs.h.c28b8b78.trap (add-user.c.60606ee1_0.trap.tar.zst) for add-user.link (7 of 125)
[2025-03-03 10:17:36] Importing AvailabilityVersions.h.630809d4.trap (add-user.c.60606ee1_0.trap.tar.zst) for add-user.link (8 of 125)
[2025-03-03 10:17:36] Importing AvailabilityInternal.h.2f7fe80f.trap (add-user.c.60606ee1_0.trap.tar.zst) for add-user.link (9 of 125)
[2025-03-03 10:17:36] Importing AvailabilityInternalLegacy.h.3b3a52dd.trap (add-user.c.60606ee1_0.trap.tar.zst) for add-user.link (10 of 125)
[2025-03-03 10:17:36] Importing Availability.h.1f66082e.trap (add-user.c.60606ee1_0.trap.tar.zst) for add-user.link (11 of 125)
[2025-03-03 10:17:36] Importing _types.h.8648aeb5.trap (add-user.c.60606ee1_0.trap.tar.zst) for add-user.link (12 of 125)
[2025-03-03 10:17:36] Importing _types.h.c0db0ca0.trap (add-user.c.60606ee1_0.trap.tar.zst) for add-user.link (13 of 125)
[2025-03-03 10:17:36] Importing _pthread_types.h.f01eb1a2.trap (add-user.c.60606ee1_0.trap.tar.zst) for add-user.link (14 of 125)
[2025-03-03 10:17:36] Importing _types.h.334b750f.trap (add-user.c.60606ee1_0.trap.tar.zst) for add-user.link (15 of 125)
[2025-03-03 10:17:36] Importing _types.h.afae0e45.trap (add-user.c.60606ee1_0.trap.tar.zst) for add-user.link (16 of 125)
[2025-03-03 10:17:36] Importing _int8_t.h.f29290cb.trap (add-user.c.60606ee1_0.trap.tar.zst) for add-user.link (17 of 125)
[2025-03-03 10:17:36] Importing _int16_t.h.0efc7dab.trap (add-user.c.60606ee1_0.trap.tar.zst) for add-user.link (18 of 125)
[2025-03-03 10:17:36] Importing _int32_t.h.6962392d.trap (add-user.c.60606ee1_0.trap.tar.zst) for add-user.link (19 of 125)
[2025-03-03 10:17:36] Importing _int64_t.h.536f90e3.trap (add-user.c.60606ee1_0.trap.tar.zst) for add-user.link (20 of 125)
[2025-03-03 10:17:36] Importing _u_int8_t.h.552cf7b4.trap (add-user.c.60606ee1_0.trap.tar.zst) for add-user.link (21 of 125)
[2025-03-03 10:17:36] Importing _u_int16_t.h.253a9b79.trap (add-user.c.60606ee1_0.trap.tar.zst) for add-user.link (22 of 125)
[2025-03-03 10:17:36] Importing _u_int32_t.h.3c64ebfb.trap (add-user.c.60606ee1_0.trap.tar.zst) for add-user.link (23 of 125)
[2025-03-03 10:17:36] Importing _u_int64_t.h.cbd81c97.trap (add-user.c.60606ee1_0.trap.tar.zst) for add-user.link (24 of 125)
[2025-03-03 10:17:36] Importing _intptr_t.h.084ef71f.trap (add-user.c.60606ee1_0.trap.tar.zst) for add-user.link (25 of 125)
[2025-03-03 10:17:36] Importing _uintptr_t.h.645528a4.trap (add-user.c.60606ee1_0.trap.tar.zst) for add-user.link (26 of 125)
[2025-03-03 10:17:36] Importing types.h.30d77e47.trap (add-user.c.60606ee1_0.trap.tar.zst) for add-user.link (27 of 125)
[2025-03-03 10:17:36] Importing types.h.aff8b8e3.trap (add-user.c.60606ee1_0.trap.tar.zst) for add-user.link (28 of 125)
[2025-03-03 10:17:36] Importing _va_list.h.a2d381a2.trap (add-user.c.60606ee1_0.trap.tar.zst) for add-user.link (29 of 125)
[2025-03-03 10:17:36] Importing _size_t.h.7dca9526.trap (add-user.c.60606ee1_0.trap.tar.zst) for add-user.link (30 of 125)
[2025-03-03 10:17:36] Importing _null.h.fac322fe.trap (add-user.c.60606ee1_0.trap.tar.zst) for add-user.link (31 of 125)
[2025-03-03 10:17:36] Importing stdio.h.4ca04277.trap (add-user.c.60606ee1_0.trap.tar.zst) for add-user.link (32 of 125)
[2025-03-03 10:17:36] Importing _printf.h.eeb573b3.trap (add-user.c.60606ee1_0.trap.tar.zst) for add-user.link (33 of 125)
[2025-03-03 10:17:36] Importing _seek_set.h.3af5c228.trap (add-user.c.60606ee1_0.trap.tar.zst) for add-user.link (34 of 125)
[2025-03-03 10:17:36] Importing _ctermid.h.709c03b7.trap (add-user.c.60606ee1_0.trap.tar.zst) for add-user.link (35 of 125)
[2025-03-03 10:17:36] Importing _off_t.h.5d57ac30.trap (add-user.c.60606ee1_0.trap.tar.zst) for add-user.link (36 of 125)
[2025-03-03 10:17:36] Importing _ssize_t.h.b2b8b5c7.trap (add-user.c.60606ee1_0.trap.tar.zst) for add-user.link (37 of 125)
[2025-03-03 10:17:36] Importing _common.h.75aff781.trap (add-user.c.60606ee1_0.trap.tar.zst) for add-user.link (38 of 125)
[2025-03-03 10:17:36] Importing _stdio.h.b54e857d.trap (add-user.c.60606ee1_0.trap.tar.zst) for add-user.link (39 of 125)
[2025-03-03 10:17:36] Importing _stdio.h.3b1884bb.trap (add-user.c.60606ee1_0.trap.tar.zst) for add-user.link (40 of 125)
[2025-03-03 10:17:36] Importing stdio.h.e1ff7027.trap (add-user.c.60606ee1_0.trap.tar.zst) for add-user.link (41 of 125)
[2025-03-03 10:17:36] Importing _pid_t.h.6a3a6049.trap (add-user.c.60606ee1_0.trap.tar.zst) for add-user.link (42 of 125)
[2025-03-03 10:17:36] Importing _id_t.h.0e72c00a.trap (add-user.c.60606ee1_0.trap.tar.zst) for add-user.link (43 of 125)
[2025-03-03 10:17:36] Importing appleapiopts.h.dc9b13cc.trap (add-user.c.60606ee1_0.trap.tar.zst) for add-user.link (44 of 125)
[2025-03-03 10:17:36] Importing signal.h.4c43299e.trap (add-user.c.60606ee1_0.trap.tar.zst) for add-user.link (45 of 125)
[2025-03-03 10:17:36] Importing signal.h.508efcc4.trap (add-user.c.60606ee1_0.trap.tar.zst) for add-user.link (46 of 125)
[2025-03-03 10:17:36] Importing _structs.h.8ff5e6f8.trap (add-user.c.60606ee1_0.trap.tar.zst) for add-user.link (47 of 125)
[2025-03-03 10:17:36] Importing _structs.h.882e747d.trap (add-user.c.60606ee1_0.trap.tar.zst) for add-user.link (48 of 125)
[2025-03-03 10:17:36] Importing _mcontext.h.3cb29849.trap (add-user.c.60606ee1_0.trap.tar.zst) for add-user.link (49 of 125)
[2025-03-03 10:17:36] Importing _mcontext.h.2841d5e4.trap (add-user.c.60606ee1_0.trap.tar.zst) for add-user.link (50 of 125)
[2025-03-03 10:17:36] Importing _pthread_attr_t.h.47302446.trap (add-user.c.60606ee1_0.trap.tar.zst) for add-user.link (51 of 125)
[2025-03-03 10:17:36] Importing _sigaltstack.h.fb11c76f.trap (add-user.c.60606ee1_0.trap.tar.zst) for add-user.link (52 of 125)
[2025-03-03 10:17:36] Importing _ucontext.h.8b000abd.trap (add-user.c.60606ee1_0.trap.tar.zst) for add-user.link (53 of 125)
[2025-03-03 10:17:36] Importing _sigset_t.h.eacb6a8b.trap (add-user.c.60606ee1_0.trap.tar.zst) for add-user.link (54 of 125)
[2025-03-03 10:17:36] Importing _size_t.h.097b7f74.trap (add-user.c.60606ee1_0.trap.tar.zst) for add-user.link (55 of 125)
[2025-03-03 10:17:36] Importing _uid_t.h.cfda2aba.trap (add-user.c.60606ee1_0.trap.tar.zst) for add-user.link (56 of 125)
[2025-03-03 10:17:36] Importing signal.h.fff31109.trap (add-user.c.60606ee1_0.trap.tar.zst) for add-user.link (57 of 125)
[2025-03-03 10:17:36] Importing _uint8_t.h.b56d0bf4.trap (add-user.c.60606ee1_0.trap.tar.zst) for add-user.link (58 of 125)
[2025-03-03 10:17:36] Importing _uint16_t.h.95cc6274.trap (add-user.c.60606ee1_0.trap.tar.zst) for add-user.link (59 of 125)
[2025-03-03 10:17:36] Importing _uint32_t.h.dc2517bb.trap (add-user.c.60606ee1_0.trap.tar.zst) for add-user.link (60 of 125)
[2025-03-03 10:17:36] Importing _uint64_t.h.c60cbcd5.trap (add-user.c.60606ee1_0.trap.tar.zst) for add-user.link (61 of 125)
[2025-03-03 10:17:36] Importing _intmax_t.h.6c1a2871.trap (add-user.c.60606ee1_0.trap.tar.zst) for add-user.link (62 of 125)
[2025-03-03 10:17:36] Importing _uintmax_t.h.e72b0804.trap (add-user.c.60606ee1_0.trap.tar.zst) for add-user.link (63 of 125)
[2025-03-03 10:17:36] Importing stdint.h.e23cce12.trap (add-user.c.60606ee1_0.trap.tar.zst) for add-user.link (64 of 125)
[2025-03-03 10:17:36] Importing stdint.h.188490be.trap (add-user.c.60606ee1_0.trap.tar.zst) for add-user.link (65 of 125)
[2025-03-03 10:17:36] Importing _timeval.h.8ed5b43e.trap (add-user.c.60606ee1_0.trap.tar.zst) for add-user.link (66 of 125)
[2025-03-03 10:17:36] Importing resource.h.8cffbfdc.trap (add-user.c.60606ee1_0.trap.tar.zst) for add-user.link (67 of 125)
[2025-03-03 10:17:36] Importing __endian.h.957c713d.trap (add-user.c.60606ee1_0.trap.tar.zst) for add-user.link (68 of 125)
[2025-03-03 10:17:36] Importing _endian.h.87dc7cfd.trap (add-user.c.60606ee1_0.trap.tar.zst) for add-user.link (69 of 125)
[2025-03-03 10:17:36] Importing _endian.h.fbe534f3.trap (add-user.c.60606ee1_0.trap.tar.zst) for add-user.link (70 of 125)
[2025-03-03 10:17:36] Importing _OSByteOrder.h.abdc0245.trap (add-user.c.60606ee1_0.trap.tar.zst) for add-user.link (71 of 125)
[2025-03-03 10:17:36] Importing _OSByteOrder.h.6c99cd81.trap (add-user.c.60606ee1_0.trap.tar.zst) for add-user.link (72 of 125)
[2025-03-03 10:17:36] Importing _endian.h.88a97a28.trap (add-user.c.60606ee1_0.trap.tar.zst) for add-user.link (73 of 125)
[2025-03-03 10:17:36] Importing endian.h.194ffb87.trap (add-user.c.60606ee1_0.trap.tar.zst) for add-user.link (74 of 125)
[2025-03-03 10:17:36] Importing endian.h.a419ac90.trap (add-user.c.60606ee1_0.trap.tar.zst) for add-user.link (75 of 125)
[2025-03-03 10:17:36] Importing wait.h.23c3e1e7.trap (add-user.c.60606ee1_0.trap.tar.zst) for add-user.link (76 of 125)
[2025-03-03 10:17:36] Importing alloca.h.38aa78ed.trap (add-user.c.60606ee1_0.trap.tar.zst) for add-user.link (77 of 125)
[2025-03-03 10:17:36] Importing _ct_rune_t.h.d4a9d117.trap (add-user.c.60606ee1_0.trap.tar.zst) for add-user.link (78 of 125)
[2025-03-03 10:17:36] Importing _rune_t.h.33d8e00c.trap (add-user.c.60606ee1_0.trap.tar.zst) for add-user.link (79 of 125)
[2025-03-03 10:17:36] Importing _wchar_t.h.10d75770.trap (add-user.c.60606ee1_0.trap.tar.zst) for add-user.link (80 of 125)
[2025-03-03 10:17:36] Importing _null.h.763c0539.trap (add-user.c.60606ee1_0.trap.tar.zst) for add-user.link (81 of 125)
[2025-03-03 10:17:36] Importing _ptrcheck.h.c3a91754.trap (add-user.c.60606ee1_0.trap.tar.zst) for add-user.link (82 of 125)
[2025-03-03 10:17:36] Importing _malloc_type.h.f4a08e80.trap (add-user.c.60606ee1_0.trap.tar.zst) for add-user.link (83 of 125)
[2025-03-03 10:17:36] Importing _malloc.h.45d4fc49.trap (add-user.c.60606ee1_0.trap.tar.zst) for add-user.link (84 of 125)
[2025-03-03 10:17:36] Importing _abort.h.10b51e7c.trap (add-user.c.60606ee1_0.trap.tar.zst) for add-user.link (85 of 125)
[2025-03-03 10:17:36] Importing _dev_t.h.91a2e6a4.trap (add-user.c.60606ee1_0.trap.tar.zst) for add-user.link (86 of 125)
[2025-03-03 10:17:36] Importing _mode_t.h.0d676e3d.trap (add-user.c.60606ee1_0.trap.tar.zst) for add-user.link (87 of 125)
[2025-03-03 10:17:36] Importing _stdlib.h.2b6167e9.trap (add-user.c.60606ee1_0.trap.tar.zst) for add-user.link (88 of 125)
[2025-03-03 10:17:36] Importing stdlib.h.8c6deea4.trap (add-user.c.60606ee1_0.trap.tar.zst) for add-user.link (89 of 125)
[2025-03-03 10:17:36] Importing _posix_vdisable.h.bfeb891a.trap (add-user.c.60606ee1_0.trap.tar.zst) for add-user.link (90 of 125)
[2025-03-03 10:17:36] Importing _gid_t.h.e5a55687.trap (add-user.c.60606ee1_0.trap.tar.zst) for add-user.link (91 of 125)
[2025-03-03 10:17:36] Importing unistd.h.c3588eb3.trap (add-user.c.60606ee1_0.trap.tar.zst) for add-user.link (92 of 125)
[2025-03-03 10:17:36] Importing _useconds_t.h.81277de3.trap (add-user.c.60606ee1_0.trap.tar.zst) for add-user.link (93 of 125)
[2025-03-03 10:17:36] Importing _fd_def.h.ee6d7168.trap (add-user.c.60606ee1_0.trap.tar.zst) for add-user.link (94 of 125)
[2025-03-03 10:17:36] Importing _timespec.h.bf739272.trap (add-user.c.60606ee1_0.trap.tar.zst) for add-user.link (95 of 125)
[2025-03-03 10:17:36] Importing _time_t.h.9cd704bb.trap (add-user.c.60606ee1_0.trap.tar.zst) for add-user.link (96 of 125)
[2025-03-03 10:17:36] Importing _suseconds_t.h.2a3680e0.trap (add-user.c.60606ee1_0.trap.tar.zst) for add-user.link (97 of 125)
[2025-03-03 10:17:36] Importing _fd_setsize.h.0ba77704.trap (add-user.c.60606ee1_0.trap.tar.zst) for add-user.link (98 of 125)
[2025-03-03 10:17:36] Importing _fd_set.h.0ba77704.trap (add-user.c.60606ee1_0.trap.tar.zst) for add-user.link (99 of 125)
[2025-03-03 10:17:36] Importing _fd_clr.h.0ba77704.trap (add-user.c.60606ee1_0.trap.tar.zst) for add-user.link (100 of 125)
[2025-03-03 10:17:36] Importing _fd_isset.h.0ba77704.trap (add-user.c.60606ee1_0.trap.tar.zst) for add-user.link (101 of 125)
[2025-03-03 10:17:36] Importing _fd_zero.h.0ba77704.trap (add-user.c.60606ee1_0.trap.tar.zst) for add-user.link (102 of 125)
[2025-03-03 10:17:36] Importing _fd_copy.h.0ba77704.trap (add-user.c.60606ee1_0.trap.tar.zst) for add-user.link (103 of 125)
[2025-03-03 10:17:36] Importing _select.h.3e088a7d.trap (add-user.c.60606ee1_0.trap.tar.zst) for add-user.link (104 of 125)
[2025-03-03 10:17:36] Importing select.h.12225a30.trap (add-user.c.60606ee1_0.trap.tar.zst) for add-user.link (105 of 125)
[2025-03-03 10:17:36] Importing _uuid_t.h.d102d4c8.trap (add-user.c.60606ee1_0.trap.tar.zst) for add-user.link (106 of 125)
[2025-03-03 10:17:36] Importing gethostuuid.h.40472f03.trap (add-user.c.60606ee1_0.trap.tar.zst) for add-user.link (107 of 125)
[2025-03-03 10:17:36] Importing unistd.h.4f959c67.trap (add-user.c.60606ee1_0.trap.tar.zst) for add-user.link (108 of 125)
[2025-03-03 10:17:36] Importing _wchar_t.h.70e0d691.trap (add-user.c.60606ee1_0.trap.tar.zst) for add-user.link (109 of 125)
[2025-03-03 10:17:36] Importing _wint_t.h.545b4fc3.trap (add-user.c.60606ee1_0.trap.tar.zst) for add-user.link (110 of 125)
[2025-03-03 10:17:36] Importing runetype.h.58bfe9eb.trap (add-user.c.60606ee1_0.trap.tar.zst) for add-user.link (111 of 125)
[2025-03-03 10:17:36] Importing _ctype.h.6e981081.trap (add-user.c.60606ee1_0.trap.tar.zst) for add-user.link (112 of 125)
[2025-03-03 10:17:36] Importing ctype.h.2e9870e5.trap (add-user.c.60606ee1_0.trap.tar.zst) for add-user.link (113 of 125)
[2025-03-03 10:17:36] Importing __stdarg_header_macro.h.bfeb891a.trap (add-user.c.60606ee1_0.trap.tar.zst) for add-user.link (114 of 125)
[2025-03-03 10:17:36] Importing __stdarg___gnuc_va_list.h.198cd35d.trap (add-user.c.60606ee1_0.trap.tar.zst) for add-user.link (115 of 125)
[2025-03-03 10:17:36] Importing __stdarg_va_list.h.e2fa121d.trap (add-user.c.60606ee1_0.trap.tar.zst) for add-user.link (116 of 125)
[2025-03-03 10:17:36] Importing __stdarg_va_arg.h.fd0eba9b.trap (add-user.c.60606ee1_0.trap.tar.zst) for add-user.link (117 of 125)
[2025-03-03 10:17:36] Importing __stdarg___va_copy.h.bfeb891a.trap (add-user.c.60606ee1_0.trap.tar.zst) for add-user.link (118 of 125)
[2025-03-03 10:17:36] Importing __stdarg_va_copy.h.bfeb891a.trap (add-user.c.60606ee1_0.trap.tar.zst) for add-user.link (119 of 125)
[2025-03-03 10:17:36] Importing stdarg.h.d127bdfd.trap (add-user.c.60606ee1_0.trap.tar.zst) for add-user.link (120 of 125)
[2025-03-03 10:17:36] Importing sqlite3.h.914eb288.trap (add-user.c.60606ee1_0.trap.tar.zst) for add-user.link (121 of 125)
[2025-03-03 10:17:36] Importing _clock_t.h.79a09205.trap (add-user.c.60606ee1_0.trap.tar.zst) for add-user.link (122 of 125)
[2025-03-03 10:17:36] Importing _time.h.115f5c6d.trap (add-user.c.60606ee1_0.trap.tar.zst) for add-user.link (123 of 125)
[2025-03-03 10:17:36] Importing time.h.f63ebdcc.trap (add-user.c.60606ee1_0.trap.tar.zst) for add-user.link (124 of 125)
[2025-03-03 10:17:36] Importing add-user.c.60606ee1.trap (add-user.c.60606ee1_0.trap.tar.zst) for add-user.link (125 of 125)
[2025-03-03 10:17:36] [PROGRESS] dataset import> Merging relations
[2025-03-03 10:17:36] Merging 3 fragments for 'folders'.
[2025-03-03 10:17:36] Merging 3 fragments for 'containerparent'.
[2025-03-03 10:17:36] Merging 3 fragments for 'files'.
[2025-03-03 10:17:36] Merging 1 fragment for 'locations_stmt'.
[2025-03-03 10:17:36] Merging 1 fragment for 'builtintypes'.
[2025-03-03 10:17:36] Merging 3 fragments for 'locations_default'.
[2025-03-03 10:17:36] Merging 1 fragment for 'unspecifiedtype'.
[2025-03-03 10:17:36] Merging 2 fragments for 'link_targets'.
[2025-03-03 10:17:36] Merged 1344 bytes (1.31 KiB) for 'builtintypes'.
[2025-03-03 10:17:36] Merging 1 fragment for 'locations_expr'.
[2025-03-03 10:17:36] Merged 7368 bytes (7.20 KiB) for 'unspecifiedtype'.
[2025-03-03 10:17:36] Merged 3912 bytes (3.82 KiB) for 'locations_stmt'.
[2025-03-03 10:17:36] Merging 1 fragment for 'usertypes'.
[2025-03-03 10:17:36] Merging 1 fragment for 'link_parent'.
[2025-03-03 10:17:36] Merged 16 bytes for 'link_targets'.
[2025-03-03 10:17:36] Merging 1 fragment for 'is_standard_layout_class'.
[2025-03-03 10:17:36] Merged 960 bytes for 'files'.
[2025-03-03 10:17:36] Merging 1 fragment for 'is_complete'.
[2025-03-03 10:17:36] Merged 14544 bytes (14.20 KiB) for 'locations_expr'.
[2025-03-03 10:17:36] Merging 1 fragment for 'is_pod_class'.
[2025-03-03 10:17:36] Merged 240 bytes for 'folders'.
[2025-03-03 10:17:36] Merged 420 bytes for 'is_standard_layout_class'.
[2025-03-03 10:17:36] Merging 1 fragment for 'membervariables'.
[2025-03-03 10:17:36] Merging 1 fragment for 'usertypesize'.
[2025-03-03 10:17:36] Merged 1184 bytes (1.16 KiB) for 'containerparent'.
[2025-03-03 10:17:36] Merged 7176 bytes (7.01 KiB) for 'link_parent'.
[2025-03-03 10:17:36] Merged 3708 bytes (3.62 KiB) for 'usertypes'.
[2025-03-03 10:17:36] Merging 1 fragment for 'fieldoffsets'.
[2025-03-03 10:17:36] Merging 1 fragment for 'var_decls'.
[2025-03-03 10:17:36] Merging 1 fragment for 'var_def'.
[2025-03-03 10:17:36] Merged 434472 bytes (424.29 KiB) for 'locations_default'.
[2025-03-03 10:17:36] Merging 1 fragment for 'pointerishsize'.
[2025-03-03 10:17:36] Merged 1284 bytes (1.25 KiB) for 'usertypesize'.
[2025-03-03 10:17:36] Merging 1 fragment for 'derivedtypes'.
[2025-03-03 10:17:36] Merged 420 bytes for 'is_complete'.
[2025-03-03 10:17:36] Merging 1 fragment for 'member'.
[2025-03-03 10:17:36] Merged 12204 bytes (11.92 KiB) for 'membervariables'.
[2025-03-03 10:17:36] Merged 12204 bytes (11.92 KiB) for 'fieldoffsets'.
[2025-03-03 10:17:36] Merging 1 fragment for 'namespaces'.
[2025-03-03 10:17:36] Merging 1 fragment for 'specialnamequalifyingelements'.
[2025-03-03 10:17:36] Merged 4328 bytes (4.23 KiB) for 'var_def'.
[2025-03-03 10:17:36] Merging 1 fragment for 'mangled_name'.
[2025-03-03 10:17:36] Merged 420 bytes for 'is_pod_class'.
[2025-03-03 10:17:36] Merging 1 fragment for 'specifiers'.
[2025-03-03 10:17:36] Merged 424 bytes for 'specifiers'.
[2025-03-03 10:17:36] Merging 1 fragment for 'numlines'.
[2025-03-03 10:17:36] Merged 2544 bytes (2.48 KiB) for 'numlines'.
[2025-03-03 10:17:36] Merging 1 fragment for 'preprocdirects'.
[2025-03-03 10:17:36] Merged 52460 bytes (51.23 KiB) for 'var_decls'.
[2025-03-03 10:17:36] Merging 1 fragment for 'preproctext'.
[2025-03-03 10:17:36] Merged 3552 bytes (3.47 KiB) for 'pointerishsize'.
[2025-03-03 10:17:36] Merging 1 fragment for 'preprocfalse'.
[2025-03-03 10:17:36] Merged 58200 bytes (56.84 KiB) for 'preproctext'.
[2025-03-03 10:17:36] Merging 1 fragment for 'preproctrue'.
[2025-03-03 10:17:36] Merged 89904 bytes (87.80 KiB) for 'preprocdirects'.
[2025-03-03 10:17:36] Merging 1 fragment for 'macroinvocations'.
[2025-03-03 10:17:36] Merged 8 bytes for 'specialnamequalifyingelements'.
[2025-03-03 10:17:36] Merging 1 fragment for 'comments'.
[2025-03-03 10:17:36] Merged 1104 bytes (1.08 KiB) for 'preprocfalse'.
[2025-03-03 10:17:36] Merging 1 fragment for 'commentbinding'.
[2025-03-03 10:17:36] Merged 3144 bytes (3.07 KiB) for 'preproctrue'.
[2025-03-03 10:17:36] Merging 1 fragment for 'preprocpair'.
[2025-03-03 10:17:36] Merged 8 bytes for 'namespaces'.
[2025-03-03 10:17:36] Merging 1 fragment for 'includes'.
[2025-03-03 10:17:36] Merged 63712 bytes (62.22 KiB) for 'macroinvocations'.
[2025-03-03 10:17:36] Merging 1 fragment for 'macroparent'.
[2025-03-03 10:17:36] Merged 19120 bytes (18.67 KiB) for 'commentbinding'.
[2025-03-03 10:17:36] Merged 34884 bytes (34.07 KiB) for 'comments'.
[2025-03-03 10:17:36] Merging 1 fragment for 'macro_argument_unexpanded'.
[2025-03-03 10:17:36] Merging 1 fragment for 'macro_argument_expanded'.
[2025-03-03 10:17:36] Merged 21528 bytes (21.02 KiB) for 'preprocpair'.
[2025-03-03 10:17:36] Merging 1 fragment for 'type_mentions'.
[2025-03-03 10:17:36] Merged 2152 bytes (2.10 KiB) for 'includes'.
[2025-03-03 10:17:36] Merging 1 fragment for 'arraysizes'.
[2025-03-03 10:17:36] Merged 6560 bytes (6.41 KiB) for 'derivedtypes'.
[2025-03-03 10:17:36] Merging 1 fragment for 'typedefbase'.
[2025-03-03 10:17:36] Merged 14344 bytes (14.01 KiB) for 'macroparent'.
[2025-03-03 10:17:36] Merging 1 fragment for 'type_decls'.
[2025-03-03 10:17:36] Merged 12204 bytes (11.92 KiB) for 'member'.
[2025-03-03 10:17:36] Merging 1 fragment for 'type_decl_top'.
[2025-03-03 10:17:36] Merged 896 bytes for 'arraysizes'.
[2025-03-03 10:17:36] Merging 1 fragment for 'type_def'.
[2025-03-03 10:17:36] Merged 21344 bytes (20.84 KiB) for 'type_mentions'.
[2025-03-03 10:17:36] Merged 1480 bytes (1.45 KiB) for 'typedefbase'.
[2025-03-03 10:17:36] Merging 1 fragment for 'values'.
[2025-03-03 10:17:36] Merging 1 fragment for 'exprs'.
[2025-03-03 10:17:36] Merged 46068 bytes (44.99 KiB) for 'macro_argument_unexpanded'.
[2025-03-03 10:17:36] Merged 46068 bytes (44.99 KiB) for 'macro_argument_expanded'.
[2025-03-03 10:17:36] Merging 1 fragment for 'valuetext'.
[2025-03-03 10:17:36] Merging 1 fragment for 'expr_types'.
[2025-03-03 10:17:36] Merged 3912 bytes (3.82 KiB) for 'type_decls'.
[2025-03-03 10:17:36] Merging 1 fragment for 'valuebind'.
[2025-03-03 10:17:36] Merged 1104 bytes (1.08 KiB) for 'type_decl_top'.
[2025-03-03 10:17:36] Merging 1 fragment for 'varspecifiers'.
[2025-03-03 10:17:36] Merged 1664 bytes (1.62 KiB) for 'valuetext'.
[2025-03-03 10:17:36] Merged 3096 bytes (3.02 KiB) for 'values'.
[2025-03-03 10:17:36] Merged 424 bytes for 'type_def'.
[2025-03-03 10:17:36] Merging 1 fragment for 'routinetypes'.
[2025-03-03 10:17:36] Merging 1 fragment for 'routinetypeargs'.
[2025-03-03 10:17:36] Merged 3168 bytes (3.09 KiB) for 'valuebind'.
[2025-03-03 10:17:36] Merging 1 fragment for 'macrolocationbind'.
[2025-03-03 10:17:36] Merging 1 fragment for 'inmacroexpansion'.
[2025-03-03 10:17:36] Merged 9576 bytes (9.35 KiB) for 'exprs'.
[2025-03-03 10:17:36] Merged 9576 bytes (9.35 KiB) for 'expr_types'.
[2025-03-03 10:17:36] Merging 1 fragment for 'typespecifiers'.
[2025-03-03 10:17:36] Merging 1 fragment for 'functions'.
[2025-03-03 10:17:36] Merged 1168 bytes (1.14 KiB) for 'routinetypes'.
[2025-03-03 10:17:36] Merged 8568 bytes (8.37 KiB) for 'varspecifiers'.
[2025-03-03 10:17:36] Merging 1 fragment for 'function_return_type'.
[2025-03-03 10:17:36] Merging 1 fragment for 'function_prototyped'.
[2025-03-03 10:17:36] Merged 3368 bytes (3.29 KiB) for 'macrolocationbind'.
[2025-03-03 10:17:36] Merging 1 fragment for 'params'.
[2025-03-03 10:17:36] Merged 2904 bytes (2.84 KiB) for 'inmacroexpansion'.
[2025-03-03 10:17:36] Merging 1 fragment for 'fun_decls'.
[2025-03-03 10:17:36] Merged 4704 bytes (4.59 KiB) for 'routinetypeargs'.
[2025-03-03 10:17:36] Merging 1 fragment for 'fun_decl_specifiers'.
[2025-03-03 10:17:36] Merged 1496 bytes (1.46 KiB) for 'typespecifiers'.
[2025-03-03 10:17:36] Merged 12780 bytes (12.48 KiB) for 'mangled_name'.
[2025-03-03 10:17:36] Merged 9048 bytes (8.84 KiB) for 'functions'.
[2025-03-03 10:17:36] Merging 1 fragment for 'funspecifiers'.
[2025-03-03 10:17:36] Merging 1 fragment for 'param_decl_bind'.
[2025-03-03 10:17:36] Merging 1 fragment for 'attributes'.
[2025-03-03 10:17:36] Merged 6032 bytes (5.89 KiB) for 'function_return_type'.
[2025-03-03 10:17:36] Merged 2992 bytes (2.92 KiB) for 'function_prototyped'.
[2025-03-03 10:17:36] Merging 1 fragment for 'attribute_arg_value'.
[2025-03-03 10:17:36] Merging 1 fragment for 'attribute_args'.
[2025-03-03 10:17:36] Merged 25136 bytes (24.55 KiB) for 'params'.
[2025-03-03 10:17:36] Merged 6528 bytes (6.38 KiB) for 'fun_decl_specifiers'.
[2025-03-03 10:17:36] Merging 1 fragment for 'funcattributes'.
[2025-03-03 10:17:36] Merging 1 fragment for 'attribute_arg_constant'.
[2025-03-03 10:17:36] Merged 15120 bytes (14.77 KiB) for 'fun_decls'.
[2025-03-03 10:17:36] Merging 1 fragment for 'fun_def'.
[2025-03-03 10:17:36] Merged 6352 bytes (6.20 KiB) for 'funspecifiers'.
[2025-03-03 10:17:36] Merging 1 fragment for 'stmts'.
[2025-03-03 10:17:36] Merged 18840 bytes (18.40 KiB) for 'param_decl_bind'.
[2025-03-03 10:17:36] Merging 1 fragment for 'expr_isload'.
[2025-03-03 10:17:36] Merged 13600 bytes (13.28 KiB) for 'attributes'.
[2025-03-03 10:17:36] Merging 1 fragment for 'varbind'.
[2025-03-03 10:17:36] Merged 164 bytes for 'fun_def'.
[2025-03-03 10:17:36] Merging 1 fragment for 'exprparents'.
[2025-03-03 10:17:36] Merged 528 bytes for 'attribute_arg_constant'.
[2025-03-03 10:17:36] Merging 1 fragment for 'compgenerated'.
[2025-03-03 10:17:36] Merged 5296 bytes (5.17 KiB) for 'funcattributes'.
[2025-03-03 10:17:36] Merging 1 fragment for 'stmtparents'.
[2025-03-03 10:17:36] Merged 472 bytes for 'expr_isload'.
[2025-03-03 10:17:36] Merging 1 fragment for 'if_then'.
[2025-03-03 10:17:36] Merged 1944 bytes (1.90 KiB) for 'stmts'.
[2025-03-03 10:17:36] Merged 41080 bytes (40.12 KiB) for 'attribute_args'.
[2025-03-03 10:17:36] Merging 1 fragment for 'funbind'.
[2025-03-03 10:17:36] Merging 1 fragment for 'if_else'.
[2025-03-03 10:17:36] Merged 15904 bytes (15.53 KiB) for 'attribute_arg_value'.
[2025-03-03 10:17:36] Merging 1 fragment for 'blockscope'.
[2025-03-03 10:17:36] Merged 1096 bytes (1.07 KiB) for 'varbind'.
[2025-03-03 10:17:36] Merging 1 fragment for 'function_entry_point'.
[2025-03-03 10:17:36] Merged 412 bytes for 'compgenerated'.
[2025-03-03 10:17:36] Merging 1 fragment for 'globalvariables'.
[2025-03-03 10:17:36] Merged 5364 bytes (5.24 KiB) for 'exprparents'.
[2025-03-03 10:17:36] Merging 1 fragment for 'var_decl_specifiers'.
[2025-03-03 10:17:36] Merged 88 bytes for 'if_then'.
[2025-03-03 10:17:36] Merging 1 fragment for 'exprconv'.
[2025-03-03 10:17:36] Merged 16 bytes for 'if_else'.
[2025-03-03 10:17:36] Merging 1 fragment for 'conversionkinds'.
[2025-03-03 10:17:36] Merged 1452 bytes (1.42 KiB) for 'stmtparents'.
[2025-03-03 10:17:36] Merging 1 fragment for 'iscall'.
[2025-03-03 10:17:36] Merged 392 bytes for 'blockscope'.
[2025-03-03 10:17:36] Merging 1 fragment for 'bitfield'.
[2025-03-03 10:17:36] Merged 536 bytes for 'funbind'.
[2025-03-03 10:17:36] Merging 1 fragment for 'enumconstants'.
[2025-03-03 10:17:36] Merged 328 bytes for 'function_entry_point'.
[2025-03-03 10:17:36] Merging 1 fragment for 'initialisers'.
[2025-03-03 10:17:36] Merged 252 bytes for 'globalvariables'.
[2025-03-03 10:17:36] Merging 1 fragment for 'affectedbymacroexpansion'.
[2025-03-03 10:17:36] Merged 176 bytes for 'var_decl_specifiers'.
[2025-03-03 10:17:36] Merging 1 fragment for 'sizeof_bind'.
[2025-03-03 10:17:36] Merged 528 bytes for 'iscall'.
[2025-03-03 10:17:36] Merging 1 fragment for 'expr_cond_guard'.
[2025-03-03 10:17:36] Merged 784 bytes for 'conversionkinds'.
[2025-03-03 10:17:36] Merging 1 fragment for 'expr_cond_true'.
[2025-03-03 10:17:36] Merged 1632 bytes (1.59 KiB) for 'exprconv'.
[2025-03-03 10:17:36] Merging 1 fragment for 'expr_cond_false'.
[2025-03-03 10:17:36] Merged 264 bytes for 'enumconstants'.
[2025-03-03 10:17:36] Merging 1 fragment for 'localvariables'.
[2025-03-03 10:17:36] Merged 480 bytes for 'bitfield'.
[2025-03-03 10:17:36] Merging 1 fragment for 'stmt_decl_bind'.
[2025-03-03 10:17:36] Merged 240 bytes for 'initialisers'.
[2025-03-03 10:17:36] Merging 1 fragment for 'stmt_decl_entry_bind'.
[2025-03-03 10:17:36] Merged 80 bytes for 'sizeof_bind'.
[2025-03-03 10:17:36] Merging 1 fragment for 'varattributes'.
[2025-03-03 10:17:36] Merged 2432 bytes (2.38 KiB) for 'affectedbymacroexpansion'.
[2025-03-03 10:17:36] Merging 1 fragment for 'extractor_version'.
[2025-03-03 10:17:36] Merged 40 bytes for 'expr_cond_guard'.
[2025-03-03 10:17:36] Merging 1 fragment for 'fileannotations'.
[2025-03-03 10:17:36] Merged 40 bytes for 'expr_cond_true'.
[2025-03-03 10:17:36] Merging 1 fragment for 'variable_vla'.
[2025-03-03 10:17:36] Merged 40 bytes for 'expr_cond_false'.
[2025-03-03 10:17:36] Merging 1 fragment for 'while_body'.
[2025-03-03 10:17:36] Merged 168 bytes for 'localvariables'.
[2025-03-03 10:17:36] Merging 1 fragment for 'expr_ancestor'.
[2025-03-03 10:17:36] Merged 168 bytes for 'stmt_decl_bind'.
[2025-03-03 10:17:36] Merging 1 fragment for 'compilations'.
[2025-03-03 10:17:36] Merged 168 bytes for 'stmt_decl_entry_bind'.
[2025-03-03 10:17:36] Merging 1 fragment for 'compilation_args'.
[2025-03-03 10:17:36] Merged 8 bytes for 'extractor_version'.
[2025-03-03 10:17:36] Merged 144 bytes for 'varattributes'.
[2025-03-03 10:17:36] Merging 1 fragment for 'compilation_compiling_files'.
[2025-03-03 10:17:36] Merging 1 fragment for 'compilation_time'.
[2025-03-03 10:17:36] Merged 8 bytes for 'variable_vla'.
[2025-03-03 10:17:36] Merging 1 fragment for 'compilation_finished'.
[2025-03-03 10:17:36] Merged 2112 bytes (2.06 KiB) for 'fileannotations'.
[2025-03-03 10:17:36] Merging 1 fragment for 'sourceLocationPrefix'.
[2025-03-03 10:17:36] Merged 8 bytes for 'while_body'.
[2025-03-03 10:17:36] Merged 8 bytes for 'compilations'.
[2025-03-03 10:17:36] Merged 8 bytes for 'expr_ancestor'.
[2025-03-03 10:17:36] Merged 12 bytes for 'compilation_compiling_files'.
[2025-03-03 10:17:36] Merged 80 bytes for 'compilation_time'.
[2025-03-03 10:17:36] Merged 1116 bytes (1.09 KiB) for 'compilation_args'.
[2025-03-03 10:17:36] Merged 4 bytes for 'sourceLocationPrefix'.
[2025-03-03 10:17:36] Merged 20 bytes for 'compilation_finished'.
[2025-03-03 10:17:36] Saving string and id pools to disk.
[2025-03-03 10:17:36] Finished importing TRAP files.
[2025-03-03 10:17:36] Read 8.66 MiB of uncompressed TRAP data.
[2025-03-03 10:17:36] Relation data size: 1.21 MiB (merge rate: 2.11 MiB/s)
[2025-03-03 10:17:36] String pool size: 2.22 MiB
[2025-03-03 10:17:36] ID pool size: 3.75 MiB
[2025-03-03 10:17:36] [PROGRESS] dataset import> Finished writing database (relations: 1.21 MiB; string pool: 2.22 MiB).
[2025-03-03 10:17:36] Pausing evaluation to close the cache at sequence stamp o+239
[2025-03-03 10:17:36] The disk cache is freshly trimmed; leave it be.
[2025-03-03 10:17:36] Unpausing evaluation
[2025-03-03 10:17:36] Plumbing command codeql dataset import completed.
[2025-03-03 10:17:36] [PROGRESS] database finalize> TRAP import complete (912ms).
[2025-03-03 10:17:36] Running plumbing command: codeql database cleanup -- /Users/hohn/local/codeql-dataflow-sql-injection/cpp-sqli-03c38d3
[2025-03-03 10:17:37] [PROGRESS] database cleanup> Cleaning up existing TRAP files after import...
[2025-03-03 10:17:37] [PROGRESS] database cleanup> TRAP files cleaned up (5ms).
[2025-03-03 10:17:37] [PROGRESS] database cleanup> Cleaning up scratch directory...
[2025-03-03 10:17:37] [PROGRESS] database cleanup> Scratch directory cleaned up (38ms).
[2025-03-03 10:17:37] Running plumbing command: codeql dataset cleanup -- /Users/hohn/local/codeql-dataflow-sql-injection/cpp-sqli-03c38d3/db-cpp
[2025-03-03 10:17:37] [PROGRESS] dataset cleanup> Cleaning up dataset in /Users/hohn/local/codeql-dataflow-sql-injection/cpp-sqli-03c38d3/db-cpp.
[2025-03-03 10:17:37] Trimming disk cache at /Users/hohn/local/codeql-dataflow-sql-injection/cpp-sqli-03c38d3/db-cpp/default/cache in mode trim.
[2025-03-03 10:17:37] Sequence stamp origin is -6076236876281779836
[2025-03-03 10:17:37] Pausing evaluation to quickly trim memory at sequence stamp o+0
[2025-03-03 10:17:37] Unpausing evaluation
[2025-03-03 10:17:37] Pausing evaluation to zealously trim disk at sequence stamp o+1
[2025-03-03 10:17:37] Unpausing evaluation
[2025-03-03 10:17:37] Trimming completed (2ms): Trimmed disposable data from cache.
[2025-03-03 10:17:37] Pausing evaluation to close the cache at sequence stamp o+2
[2025-03-03 10:17:37] The disk cache is freshly trimmed; leave it be.
[2025-03-03 10:17:37] Unpausing evaluation
[2025-03-03 10:17:37] [PROGRESS] dataset cleanup> Trimmed disposable data from cache.
[2025-03-03 10:17:37] [PROGRESS] dataset cleanup> Finalizing dataset in /Users/hohn/local/codeql-dataflow-sql-injection/cpp-sqli-03c38d3/db-cpp
[2025-03-03 10:17:37] [DETAILS] dataset cleanup> Finished deleting ID pool from /Users/hohn/local/codeql-dataflow-sql-injection/cpp-sqli-03c38d3/db-cpp (2ms).
[2025-03-03 10:17:37] Plumbing command codeql dataset cleanup completed.
[2025-03-03 10:17:37] Plumbing command codeql database cleanup completed with status 0.
[2025-03-03 10:17:37] [PROGRESS] database finalize> Finished zipping source archive (352.32 KiB).
[2025-03-03 10:17:37] Plumbing command codeql database finalize completed.
[2025-03-03 10:17:37] [PROGRESS] database create> Successfully created database at /Users/hohn/local/codeql-dataflow-sql-injection/cpp-sqli-03c38d3.
[2025-03-03 10:17:37] Terminating normally.
